Info: Nothing to build for tp3_windows
22:24:51 **** Incremental Build of configuration Debug for project tp3_windows ****
Info: Internal Builder is used for build
gcc -O0 -g3 -Wall -c -fmessage-length=0 -o parser.o "..\\parser.c" 
gcc "-LC:\\Users\\cuerpos\\OneDrive\\Desktop\\TPS_Laboratorio_1\\tps_laboratorio_1\\tp3_windows" -o tp3_windows.exe Controller.o Jugador.o Seleccion.o main.o menus.o parser.o validaciones.o -lLinkedList -lLinkedList 
22:25:33 **** Incremental Build of configuration Debug for project tp3_windows ****
Info: Internal Builder is used for build
gcc -O0 -g3 -Wall -c -fmessage-length=0 -o main.o "..\\main.c" 
gcc "-LC:\\Users\\cuerpos\\OneDrive\\Desktop\\TPS_Laboratorio_1\\tps_laboratorio_1\\tp3_windows" -o tp3_windows.exe Controller.o Jugador.o Seleccion.o main.o menus.o parser.o validaciones.o -lLinkedList -lLinkedList 
22:28:19 **** Incremental Build of configuration Debug for project tp3_windows ****
Info: Internal Builder is used for build
gcc -O0 -g3 -Wall -c -fmessage-length=0 -o parser.o "..\\parser.c" 
gcc "-LC:\\Users\\cuerpos\\OneDrive\\Desktop\\TPS_Laboratorio_1\\tps_laboratorio_1\\tp3_windows" -o tp3_windows.exe Controller.o Jugador.o Seleccion.o main.o menus.o parser.o validaciones.o -lLinkedList -lLinkedList 
Info: Nothing to build for tp3_windows
23:01:08 **** Incremental Build of configuration Debug for project tp3_windows ****
Info: Internal Builder is used for build
gcc -O0 -g3 -Wall -c -fmessage-length=0 -o Controller.o "..\\Controller.c" 
gcc "-LC:\\Users\\cuerpos\\OneDrive\\Desktop\\TPS_Laboratorio_1\\tps_laboratorio_1\\tp3_windows" -o tp3_windows.exe Controller.o Jugador.o Seleccion.o main.o menus.o parser.o validaciones.o -lLinkedList -lLinkedList 
Info: Nothing to build for tp3_windows
23:02:41 **** Incremental Build of configuration Debug for project tp3_windows ****
Info: Internal Builder is used for build
gcc -O0 -g3 -Wall -c -fmessage-length=0 -o parser.o "..\\parser.c" 
gcc "-LC:\\Users\\cuerpos\\OneDrive\\Desktop\\TPS_Laboratorio_1\\tps_laboratorio_1\\tp3_windows" -o tp3_windows.exe Controller.o Jugador.o Seleccion.o main.o menus.o parser.o validaciones.o -lLinkedList -lLinkedList 
23:05:17 **** Incremental Build of configuration Debug for project tp3_windows ****
Info: Internal Builder is used for build
gcc -O0 -g3 -Wall -c -fmessage-length=0 -o Controller.o "..\\Controller.c" 
gcc "-LC:\\Users\\cuerpos\\OneDrive\\Desktop\\TPS_Laboratorio_1\\tps_laboratorio_1\\tp3_windows" -o tp3_windows.exe Controller.o Jugador.o Seleccion.o main.o menus.o parser.o validaciones.o -lLinkedList -lLinkedList 
23:10:46 **** Incremental Build of configuration Debug for project tp3_windows ****
Info: Internal Builder is used for build
gcc -O0 -g3 -Wall -c -fmessage-length=0 -o Controller.o "..\\Controller.c" 
gcc "-LC:\\Users\\cuerpos\\OneDrive\\Desktop\\TPS_Laboratorio_1\\tps_laboratorio_1\\tp3_windows" -o tp3_windows.exe Controller.o Jugador.o Seleccion.o main.o menus.o parser.o validaciones.o -lLinkedList -lLinkedList 
23:12:15 **** Incremental Build of configuration Debug for project tp3_windows ****
Info: Internal Builder is used for build
gcc -O0 -g3 -Wall -c -fmessage-length=0 -o Controller.o "..\\Controller.c" 
gcc "-LC:\\Users\\cuerpos\\OneDrive\\Desktop\\TPS_Laboratorio_1\\tps_laboratorio_1\\tp3_windows" -o tp3_windows.exe Controller.o Jugador.o Seleccion.o main.o menus.o parser.o validaciones.o -lLinkedList -lLinkedList 
23:17:03 **** Incremental Build of configuration Debug for project tp3_windows ****
Info: Internal Builder is used for build
gcc -O0 -g3 -Wall -c -fmessage-length=0 -o parser.o "..\\parser.c" 
gcc -O0 -g3 -Wall -c -fmessage-length=0 -o Controller.o "..\\Controller.c" 
gcc -O0 -g3 -Wall -c -fmessage-length=0 -o main.o "..\\main.c" 
gcc "-LC:\\Users\\cuerpos\\OneDrive\\Desktop\\TPS_Laboratorio_1\\tps_laboratorio_1\\tp3_windows" -o tp3_windows.exe Controller.o Jugador.o Seleccion.o main.o menus.o parser.o validaciones.o -lLinkedList -lLinkedList 
Info: Nothing to build for tp3_windows
23:19:03 **** Incremental Build of configuration Debug for project tp3_windows ****
Info: Internal Builder is used for build
gcc -O0 -g3 -Wall -c -fmessage-length=0 -o Jugador.o "..\\Jugador.c" 
gcc "-LC:\\Users\\cuerpos\\OneDrive\\Desktop\\TPS_Laboratorio_1\\tps_laboratorio_1\\tp3_windows" -o tp3_windows.exe Controller.o Jugador.o Seleccion.o main.o menus.o parser.o validaciones.o -lLinkedList -lLinkedList 
23:23:44 **** Incremental Build of configuration Debug for project tp3_windows ****
Info: Internal Builder is used for build
gcc -O0 -g3 -Wall -c -fmessage-length=0 -o Controller.o "..\\Controller.c" 
gcc "-LC:\\Users\\cuerpos\\OneDrive\\Desktop\\TPS_Laboratorio_1\\tps_laboratorio_1\\tp3_windows" -o tp3_windows.exe Controller.o Jugador.o Seleccion.o main.o menus.o parser.o validaciones.o -lLinkedList -lLinkedList 
23:24:55 **** Incremental Build of configuration Debug for project tp3_windows ****
Info: Internal Builder is used for build
gcc -O0 -g3 -Wall -c -fmessage-length=0 -o Controller.o "..\\Controller.c" 
gcc -O0 -g3 -Wall -c -fmessage-length=0 -o Jugador.o "..\\Jugador.c" 
gcc "-LC:\\Users\\cuerpos\\OneDrive\\Desktop\\TPS_Laboratorio_1\\tps_laboratorio_1\\tp3_windows" -o tp3_windows.exe Controller.o Jugador.o Seleccion.o main.o menus.o parser.o validaciones.o -lLinkedList -lLinkedList 
23:40:48 **** Incremental Build of configuration Debug for project tp3_windows ****
Info: Internal Builder is used for build
gcc -O0 -g3 -Wall -c -fmessage-length=0 -o Jugador.o "..\\Jugador.c" 
gcc "-LC:\\Users\\cuerpos\\OneDrive\\Desktop\\TPS_Laboratorio_1\\tps_laboratorio_1\\tp3_windows" -o tp3_windows.exe Controller.o Jugador.o Seleccion.o main.o menus.o parser.o validaciones.o -lLinkedList -lLinkedList 
Info: Nothing to build for tp3_windows
Info: Nothing to build for tp3_windows
Info: Nothing to build for tp3_windows
Info: Nothing to build for tp3_windows
Info: Nothing to build for tp3_windows
23:45:22 **** Incremental Build of configuration Debug for project tp3_windows ****
Info: Internal Builder is used for build
gcc -O0 -g3 -Wall -c -fmessage-length=0 -o main.o "..\\main.c" 
gcc "-LC:\\Users\\cuerpos\\OneDrive\\Desktop\\TPS_Laboratorio_1\\tps_laboratorio_1\\tp3_windows" -o tp3_windows.exe Controller.o Jugador.o Seleccion.o main.o menus.o parser.o validaciones.o -lLinkedList -lLinkedList 
23:46:01 **** Incremental Build of configuration Debug for project tp3_windows ****
Info: Internal Builder is used for build
gcc -O0 -g3 -Wall -c -fmessage-length=0 -o main.o "..\\main.c" 
gcc "-LC:\\Users\\cuerpos\\OneDrive\\Desktop\\TPS_Laboratorio_1\\tps_laboratorio_1\\tp3_windows" -o tp3_windows.exe Controller.o Jugador.o Seleccion.o main.o menus.o parser.o validaciones.o -lLinkedList -lLinkedList 
00:00:35 **** Incremental Build of configuration Debug for project tp3_windows ****
Info: Internal Builder is used for build
gcc -O0 -g3 -Wall -c -fmessage-length=0 -o Controller.o "..\\Controller.c" 
gcc -O0 -g3 -Wall -c -fmessage-length=0 -o main.o "..\\main.c" 
gcc "-LC:\\Users\\cuerpos\\OneDrive\\Desktop\\TPS_Laboratorio_1\\tps_laboratorio_1\\tp3_windows" -o tp3_windows.exe Controller.o Jugador.o Seleccion.o main.o menus.o parser.o validaciones.o -lLinkedList -lLinkedList 
Info: Nothing to build for tp3_windows
Info: Nothing to build for tp3_windows
Info: Nothing to build for tp3_windows
00:10:52 **** Incremental Build of configuration Debug for project tp3_windows ****
Info: Internal Builder is used for build
gcc -O0 -g3 -Wall -c -fmessage-length=0 -o main.o "..\\main.c" 
gcc -O0 -g3 -Wall -c -fmessage-length=0 -o Controller.o "..\\Controller.c" 
gcc "-LC:\\Users\\cuerpos\\OneDrive\\Desktop\\TPS_Laboratorio_1\\tps_laboratorio_1\\tp3_windows" -o tp3_windows.exe Controller.o Jugador.o Seleccion.o main.o menus.o parser.o validaciones.o -lLinkedList -lLinkedList 
Info: Nothing to build for tp3_windows
00:12:01 **** Incremental Build of configuration Debug for project tp3_windows ****
Info: Internal Builder is used for build
gcc -O0 -g3 -Wall -c -fmessage-length=0 -o Controller.o "..\\Controller.c" 
gcc "-LC:\\Users\\cuerpos\\OneDrive\\Desktop\\TPS_Laboratorio_1\\tps_laboratorio_1\\tp3_windows" -o tp3_windows.exe Controller.o Jugador.o Seleccion.o main.o menus.o parser.o validaciones.o -lLinkedList -lLinkedList 
00:15:57 **** Incremental Build of configuration Debug for project tp3_windows ****
Info: Internal Builder is used for build
gcc -O0 -g3 -Wall -c -fmessage-length=0 -o Controller.o "..\\Controller.c" 
gcc "-LC:\\Users\\cuerpos\\OneDrive\\Desktop\\TPS_Laboratorio_1\\tps_laboratorio_1\\tp3_windows" -o tp3_windows.exe Controller.o Jugador.o Seleccion.o main.o menus.o parser.o validaciones.o -lLinkedList -lLinkedList 
Info: Nothing to build for tp3_windows
00:17:10 **** Incremental Build of configuration Debug for project tp3_windows ****
Info: Internal Builder is used for build
gcc -O0 -g3 -Wall -c -fmessage-length=0 -o Controller.o "..\\Controller.c" 
gcc "-LC:\\Users\\cuerpos\\OneDrive\\Desktop\\TPS_Laboratorio_1\\tps_laboratorio_1\\tp3_windows" -o tp3_windows.exe Controller.o Jugador.o Seleccion.o main.o menus.o parser.o validaciones.o -lLinkedList -lLinkedList 
00:19:51 **** Incremental Build of configuration Debug for project tp3_windows ****
Info: Internal Builder is used for build
gcc -O0 -g3 -Wall -c -fmessage-length=0 -o Controller.o "..\\Controller.c" 
gcc "-LC:\\Users\\cuerpos\\OneDrive\\Desktop\\TPS_Laboratorio_1\\tps_laboratorio_1\\tp3_windows" -o tp3_windows.exe Controller.o Jugador.o Seleccion.o main.o menus.o parser.o validaciones.o -lLinkedList -lLinkedList 
Info: Nothing to build for tp3_windows
Info: Nothing to build for tp3_windows
00:21:55 **** Incremental Build of configuration Debug for project tp3_windows ****
Info: Internal Builder is used for build
gcc -O0 -g3 -Wall -c -fmessage-length=0 -o Controller.o "..\\Controller.c" 
gcc "-LC:\\Users\\cuerpos\\OneDrive\\Desktop\\TPS_Laboratorio_1\\tps_laboratorio_1\\tp3_windows" -o tp3_windows.exe Controller.o Jugador.o Seleccion.o main.o menus.o parser.o validaciones.o -lLinkedList -lLinkedList 
00:23:10 **** Incremental Build of configuration Debug for project tp3_windows ****
Info: Internal Builder is used for build
gcc -O0 -g3 -Wall -c -fmessage-length=0 -o Controller.o "..\\Controller.c" 
gcc "-LC:\\Users\\cuerpos\\OneDrive\\Desktop\\TPS_Laboratorio_1\\tps_laboratorio_1\\tp3_windows" -o tp3_windows.exe Controller.o Jugador.o Seleccion.o main.o menus.o parser.o validaciones.o -lLinkedList -lLinkedList 
00:26:30 **** Incremental Build of configuration Debug for project tp3_windows ****
Info: Internal Builder is used for build
gcc -O0 -g3 -Wall -c -fmessage-length=0 -o Controller.o "..\\Controller.c" 
gcc "-LC:\\Users\\cuerpos\\OneDrive\\Desktop\\TPS_Laboratorio_1\\tps_laboratorio_1\\tp3_windows" -o tp3_windows.exe Controller.o Jugador.o Seleccion.o main.o menus.o parser.o validaciones.o -lLinkedList -lLinkedList 
00:28:07 **** Incremental Build of configuration Debug for project tp3_windows ****
Info: Internal Builder is used for build
gcc -O0 -g3 -Wall -c -fmessage-length=0 -o Controller.o "..\\Controller.c" 
gcc "-LC:\\Users\\cuerpos\\OneDrive\\Desktop\\TPS_Laboratorio_1\\tps_laboratorio_1\\tp3_windows" -o tp3_windows.exe Controller.o Jugador.o Seleccion.o main.o menus.o parser.o validaciones.o -lLinkedList -lLinkedList 
00:28:57 **** Incremental Build of configuration Debug for project tp3_windows ****
Info: Internal Builder is used for build
gcc -O0 -g3 -Wall -c -fmessage-length=0 -o Controller.o "..\\Controller.c" 
gcc "-LC:\\Users\\cuerpos\\OneDrive\\Desktop\\TPS_Laboratorio_1\\tps_laboratorio_1\\tp3_windows" -o tp3_windows.exe Controller.o Jugador.o Seleccion.o main.o menus.o parser.o validaciones.o -lLinkedList -lLinkedList 
00:30:07 **** Incremental Build of configuration Debug for project tp3_windows ****
Info: Internal Builder is used for build
gcc -O0 -g3 -Wall -c -fmessage-length=0 -o Controller.o "..\\Controller.c" 
gcc "-LC:\\Users\\cuerpos\\OneDrive\\Desktop\\TPS_Laboratorio_1\\tps_laboratorio_1\\tp3_windows" -o tp3_windows.exe Controller.o Jugador.o Seleccion.o main.o menus.o parser.o validaciones.o -lLinkedList -lLinkedList 
00:30:43 **** Incremental Build of configuration Debug for project tp3_windows ****
Info: Internal Builder is used for build
gcc -O0 -g3 -Wall -c -fmessage-length=0 -o Controller.o "..\\Controller.c" 
gcc "-LC:\\Users\\cuerpos\\OneDrive\\Desktop\\TPS_Laboratorio_1\\tps_laboratorio_1\\tp3_windows" -o tp3_windows.exe Controller.o Jugador.o Seleccion.o main.o menus.o parser.o validaciones.o -lLinkedList -lLinkedList 
00:32:01 **** Incremental Build of configuration Debug for project tp3_windows ****
Info: Internal Builder is used for build
gcc -O0 -g3 -Wall -c -fmessage-length=0 -o Controller.o "..\\Controller.c" 
gcc "-LC:\\Users\\cuerpos\\OneDrive\\Desktop\\TPS_Laboratorio_1\\tps_laboratorio_1\\tp3_windows" -o tp3_windows.exe Controller.o Jugador.o Seleccion.o main.o menus.o parser.o validaciones.o -lLinkedList -lLinkedList 
00:33:56 **** Incremental Build of configuration Debug for project tp3_windows ****
Info: Internal Builder is used for build
gcc -O0 -g3 -Wall -c -fmessage-length=0 -o Controller.o "..\\Controller.c" 
gcc "-LC:\\Users\\cuerpos\\OneDrive\\Desktop\\TPS_Laboratorio_1\\tps_laboratorio_1\\tp3_windows" -o tp3_windows.exe Controller.o Jugador.o Seleccion.o main.o menus.o parser.o validaciones.o -lLinkedList -lLinkedList 
00:35:16 **** Incremental Build of configuration Debug for project tp3_windows ****
Info: Internal Builder is used for build
gcc -O0 -g3 -Wall -c -fmessage-length=0 -o Controller.o "..\\Controller.c" 
gcc "-LC:\\Users\\cuerpos\\OneDrive\\Desktop\\TPS_Laboratorio_1\\tps_laboratorio_1\\tp3_windows" -o tp3_windows.exe Controller.o Jugador.o Seleccion.o main.o menus.o parser.o validaciones.o -lLinkedList -lLinkedList 
Info: Nothing to build for tp3_windows
00:39:04 **** Incremental Build of configuration Debug for project tp3_windows ****
Info: Internal Builder is used for build
gcc -O0 -g3 -Wall -c -fmessage-length=0 -o Controller.o "..\\Controller.c" 
gcc "-LC:\\Users\\cuerpos\\OneDrive\\Desktop\\TPS_Laboratorio_1\\tps_laboratorio_1\\tp3_windows" -o tp3_windows.exe Controller.o Jugador.o Seleccion.o main.o menus.o parser.o validaciones.o -lLinkedList -lLinkedList 
00:40:49 **** Incremental Build of configuration Debug for project tp3_windows ****
Info: Internal Builder is used for build
gcc -O0 -g3 -Wall -c -fmessage-length=0 -o Controller.o "..\\Controller.c" 
gcc "-LC:\\Users\\cuerpos\\OneDrive\\Desktop\\TPS_Laboratorio_1\\tps_laboratorio_1\\tp3_windows" -o tp3_windows.exe Controller.o Jugador.o Seleccion.o main.o menus.o parser.o validaciones.o -lLinkedList -lLinkedList 
00:42:35 **** Incremental Build of configuration Debug for project tp3_windows ****
Info: Internal Builder is used for build
gcc -O0 -g3 -Wall -c -fmessage-length=0 -o Controller.o "..\\Controller.c" 
gcc -O0 -g3 -Wall -c -fmessage-length=0 -o main.o "..\\main.c" 
gcc "-LC:\\Users\\cuerpos\\OneDrive\\Desktop\\TPS_Laboratorio_1\\tps_laboratorio_1\\tp3_windows" -o tp3_windows.exe Controller.o Jugador.o Seleccion.o main.o menus.o parser.o validaciones.o -lLinkedList -lLinkedList 
